<?xml version="1.0" encoding="UTF-8"?>
<!-- Generated by org.testng.reporters.JUnitReportReporter -->
<testsuite name="co.com.pruebasdecalidad.pruebadoctus.ProteccionDoctus" tests="3" time="10.953" ignored="0" failures="0" timestamp="18 may 2020 23:43:46 GMT" skipped="0" hostname="LAPTOP-AVBGTA0B" errors="0">
  <testcase name="olvido_Mi_Contrasena" time="1.747" classname="co.com.pruebasdecalidad.pruebadoctus.ProteccionDoctus"/>
  <testcase name="registrase" time="4.063" classname="co.com.pruebasdecalidad.pruebadoctus.ProteccionDoctus"/>
  <testcase name="iniciar_Sesion" time="5.143" classname="co.com.pruebasdecalidad.pruebadoctus.ProteccionDoctus"/>
</testsuite> <!-- co.com.pruebasdecalidad.pruebadoctus.ProteccionDoctus -->
